<?xml version="1.0" encoding="UTF-8"?>
<testng-results ignored="0" total="1" passed="1" failed="0" skipped="0">
  <reporter-output>
  </reporter-output>
  <suite started-at="2023-05-30T21:16:26 IST" name="Default suite" finished-at="2023-05-30T21:16:26 IST" duration-ms="59">
    <groups>
    </groups>
    <test started-at="2023-05-30T21:16:26 IST" name="Default test" finished-at="2023-05-30T21:16:26 IST" duration-ms="59">
      <class name="testNG.A">
        <test-method signature="demo()[pri:0, instance:testNG.A@1f97cf0d]" started-at="2023-05-30T21:16:26 IST" name="demo" finished-at="2023-05-30T21:16:26 IST" duration-ms="10" status="PASS">
          <reporter-output>
          </reporter-output>
        </test-method> <!-- demo -->
      </class> <!-- testNG.A -->
    </test> <!-- Default test -->
  </suite> <!-- Default suite -->
</testng-results>
